INFO: 2020-05-13 09:46:12,148: main() 'Using profile folder /home/live/.config/variety/'
INFO: 2020-05-13 09:46:12,160: perform_upgrade() 'Last run version was 0.8.3 or earlier, current version is 0.8.3'
INFO: 2020-05-13 09:46:12,246: process_command() 'Received command: []'
INFO: 2020-05-13 09:46:12,249: load_banned() 'Missing or invalid banned URLs list, no URLs will be banned'
INFO: 2020-05-13 09:46:12,265: start() 'Using data_path /usr/share/variety'
INFO: 2020-05-13 09:46:12,265: load() 'Jumble loading'
INFO: 2020-05-13 09:46:12,265: _walk_modules() 'Jumble loading module in __init__ from /usr/lib/python3/dist-packages/variety/plugins/builtin/__init__.py'
INFO: 2020-05-13 09:46:12,266: _walk_modules() 'Jumble loading module in EarthviewDownloader from /usr/lib/python3/dist-packages/variety/plugins/builtin/downloaders/EarthviewDownloader.py'
INFO: 2020-05-13 09:46:12,267: load() 'Jumble found plugin class: <class 'EarthviewDownloader.EarthviewDownloader'>: {'name': 'EarthviewDownloader', 'description': 'Google Earth View Wallpapers', 'author': 'Peter Levi', 'version': '0.1'}'
INFO: 2020-05-13 09:46:12,267: _walk_modules() 'Jumble loading module in __init__ from /usr/lib/python3/dist-packages/variety/plugins/builtin/downloaders/__init__.py'
INFO: 2020-05-13 09:46:12,267: _walk_modules() 'Jumble loading module in MediaRSSDownloader from /usr/lib/python3/dist-packages/variety/plugins/builtin/downloaders/MediaRSSDownloader.py'
INFO: 2020-05-13 09:46:12,268: _walk_modules() 'Jumble loading module in WallhavenSource from /usr/lib/python3/dist-packages/variety/plugins/builtin/downloaders/WallhavenSource.py'
INFO: 2020-05-13 09:46:12,273: load() 'Jumble found plugin class: <class 'WallhavenSource.WallhavenSource'>: {'name': 'MediaRSSSource', 'description': 'Configurable source for fetching images from Wallhaven.cc', 'author': 'Peter Levi', 'version': '0.1'}'
INFO: 2020-05-13 09:46:12,274: _walk_modules() 'Jumble loading module in BingDownloader from /usr/lib/python3/dist-packages/variety/plugins/builtin/downloaders/BingDownloader.py'
INFO: 2020-05-13 09:46:12,274: load() 'Jumble found plugin class: <class 'BingDownloader.BingDownloader'>: {'name': 'BingDownloader', 'description': 'Bing Photo of the Day', 'author': 'Peter Levi', 'version': '0.1'}'
INFO: 2020-05-13 09:46:12,274: _walk_modules() 'Jumble loading module in WallhavenDownloader from /usr/lib/python3/dist-packages/variety/plugins/builtin/downloaders/WallhavenDownloader.py'
INFO: 2020-05-13 09:46:12,275: _walk_modules() 'Jumble loading module in APODDownloader from /usr/lib/python3/dist-packages/variety/plugins/builtin/downloaders/APODDownloader.py'
INFO: 2020-05-13 09:46:12,275: load() 'Jumble found plugin class: <class 'APODDownloader.APODDownloader'>: {'name': 'APODDownloader', 'description': 'NASA Astro Pic of the Day', 'author': 'Peter Levi', 'version': '0.1'}'
INFO: 2020-05-13 09:46:12,276: _walk_modules() 'Jumble loading module in RedditSource from /usr/lib/python3/dist-packages/variety/plugins/builtin/downloaders/RedditSource.py'
INFO: 2020-05-13 09:46:12,276: load() 'Jumble found plugin class: <class 'RedditSource.RedditSource'>: {'name': 'RedditSource', 'description': 'Configurable source for fetching images from Reddit', 'author': 'Peter Levi', 'version': '0.1'}'
INFO: 2020-05-13 09:46:12,277: _walk_modules() 'Jumble loading module in ChromeOSWallpapersDownloader from /usr/lib/python3/dist-packages/variety/plugins/builtin/downloaders/ChromeOSWallpapersDownloader.py'
INFO: 2020-05-13 09:46:12,277: load() 'Jumble found plugin class: <class 'ChromeOSWallpapersDownloader.ChromeOSWallpapersDownloader'>: {'name': 'ChromeOsWallpapersDownloader', 'description': 'Chrome OS Wallpapers', 'author': 'Peter Levi', 'version': '0.1'}'
INFO: 2020-05-13 09:46:12,277: _walk_modules() 'Jumble loading module in UnsplashConfigurableSource from /usr/lib/python3/dist-packages/variety/plugins/builtin/downloaders/UnsplashConfigurableSource.py'
INFO: 2020-05-13 09:46:12,279: load() 'Jumble found plugin class: <class 'UnsplashConfigurableSource.UnsplashConfigurableSource'>: {'name': 'UnsplashConfigurableSource', 'description': 'Configurable source for fetching photos from Unsplash.com', 'author': 'Peter Levi', 'version': '0.1'}'
INFO: 2020-05-13 09:46:12,279: _walk_modules() 'Jumble loading module in DesktopprDownloader from /usr/lib/python3/dist-packages/variety/plugins/builtin/downloaders/DesktopprDownloader.py'
INFO: 2020-05-13 09:46:12,279: load() 'Jumble found plugin class: <class 'DesktopprDownloader.DesktopprDownloader'>: {'name': 'DesktopprDownloader', 'description': 'Random wallpapers from Desktoppr.co', 'author': 'Peter Levi', 'version': '0.1'}'
INFO: 2020-05-13 09:46:12,280: _walk_modules() 'Jumble loading module in RedditDownloader from /usr/lib/python3/dist-packages/variety/plugins/builtin/downloaders/RedditDownloader.py'
INFO: 2020-05-13 09:46:12,280: _walk_modules() 'Jumble loading module in UnsplashDownloader from /usr/lib/python3/dist-packages/variety/plugins/builtin/downloaders/UnsplashDownloader.py'
INFO: 2020-05-13 09:46:12,280: load() 'Jumble found plugin class: <class 'UnsplashDownloader.UnsplashDownloader'>: {'name': 'UnsplashDownloader', 'description': 'High-resolution photos from Unsplash.com', 'author': 'Peter Levi', 'version': '0.1'}'
INFO: 2020-05-13 09:46:12,281: _walk_modules() 'Jumble loading module in MediaRSSSource from /usr/lib/python3/dist-packages/variety/plugins/builtin/downloaders/MediaRSSSource.py'
INFO: 2020-05-13 09:46:12,281: load() 'Jumble found plugin class: <class 'MediaRSSSource.MediaRSSSource'>: {'name': 'MediaRSSSource', 'description': 'Configurable source for fetching images from MediaRSS feeds', 'author': 'Peter Levi', 'version': '0.1'}'
INFO: 2020-05-13 09:46:12,282: _walk_modules() 'Jumble loading module in __init__ from /usr/lib/python3/dist-packages/variety/plugins/builtin/quotes/__init__.py'
INFO: 2020-05-13 09:46:12,282: _walk_modules() 'Jumble loading module in QuotationsPageSource from /usr/lib/python3/dist-packages/variety/plugins/builtin/quotes/QuotationsPageSource.py'
INFO: 2020-05-13 09:46:12,286: load() 'Jumble found plugin class: <class 'QuotationsPageSource.QuotationsPageSource'>: {'name': 'TheQuotationsPage.com', 'description': 'Fetches quotes from TheQuotationsPage.com', 'author': 'Peter Levi', 'version': '0.1'}'
INFO: 2020-05-13 09:46:12,286: _walk_modules() 'Jumble loading module in LocalFilesSource from /usr/lib/python3/dist-packages/variety/plugins/builtin/quotes/LocalFilesSource.py'
INFO: 2020-05-13 09:46:12,287: load() 'Jumble found plugin class: <class 'LocalFilesSource.LocalFilesSource'>: {'name': 'Local text files', 'description': 'Displays quotes, defined in local text files.\nPut your own txt files in: ~/.config/variety/pluginconfig/quotes/.\nThe file format is:\n\nquote -- author\n.\nsecond quote -- another author\n.\netc...\n\nExample: http://rvelthuis.de/zips/quotes.txt', 'author': 'Peter Levi', 'version': '0.1'}'
INFO: 2020-05-13 09:46:12,287: _walk_modules() 'Jumble loading module in GoodreadsSource from /usr/lib/python3/dist-packages/variety/plugins/builtin/quotes/GoodreadsSource.py'
INFO: 2020-05-13 09:46:12,287: load() 'Jumble found plugin class: <class 'GoodreadsSource.GoodreadsSource'>: {'name': 'Goodreads', 'description': 'Fetches quotes from Goodreads.com', 'author': 'Peter Levi', 'version': '0.1'}'
INFO: 2020-05-13 09:46:12,288: _walk_modules() 'Jumble loading module in FortuneSource from /usr/lib/python3/dist-packages/variety/plugins/builtin/quotes/FortuneSource.py'
INFO: 2020-05-13 09:46:12,288: load() 'Jumble found plugin class: <class 'FortuneSource.FortuneSource'>: {'name': 'UNIX fortune program', 'description': 'Displays quotes using the UNIX fortune program. You may want to install additional fortune packs, e.g. fortunes-bofh-excuses.', 'author': 'Dan Jones', 'version': '0.1'}'
INFO: 2020-05-13 09:46:12,289: _walk_modules() 'Jumble loading module in UrbanDictionarySource from /usr/lib/python3/dist-packages/variety/plugins/builtin/quotes/UrbanDictionarySource.py'
INFO: 2020-05-13 09:46:12,289: load() 'Jumble found plugin class: <class 'UrbanDictionarySource.UrbanDictionarySource'>: {'name': 'Urban Dictionary', 'description': 'Displays definitions from Urban Dictionary', 'author': 'James Miller', 'version': '0.1'}'
INFO: 2020-05-13 09:46:12,292: reload_config() 'Creating new downloader for type bing, location Bing Photo of the Day'
INFO: 2020-05-13 09:46:12,292: reload_config() 'Creating new downloader for type apod, location NASA's Astronomy Picture of the Day'
INFO: 2020-05-13 09:46:12,292: reload_config() 'Creating new downloader for type chromeos, location Chrome OS Wallpapers'
INFO: 2020-05-13 09:46:12,292: reload_config() 'Creating new downloader for type earthview, location Google Earth View Wallpapers'
INFO: 2020-05-13 09:46:12,292: log_options() 'Loaded options:'
INFO: 2020-05-13 09:46:12,292: log_options() 'change_enabled = True'
INFO: 2020-05-13 09:46:12,292: log_options() 'change_interval = 300'
INFO: 2020-05-13 09:46:12,292: log_options() 'change_on_start = True'
INFO: 2020-05-13 09:46:12,292: log_options() 'clipboard_enabled = False'
INFO: 2020-05-13 09:46:12,292: log_options() 'clipboard_hosts = ['wallhaven.cc', 'ns223506.ovh.net', 'wallpapers.net', 'flickr.com', 'imgur.com', 'deviantart.com', 'interfacelift.com', 'vladstudio.com', 'imageshack.us']'
INFO: 2020-05-13 09:46:12,293: log_options() 'clipboard_use_whitelist = True'
INFO: 2020-05-13 09:46:12,293: log_options() 'clock_date_font = Ubuntu Condensed, 30'
INFO: 2020-05-13 09:46:12,293: log_options() 'clock_enabled = False'
INFO: 2020-05-13 09:46:12,293: log_options() 'clock_filter = -density 100 -font `fc-match -f '%{file[0]}' '%CLOCK_FONT_NAME'` -pointsize %CLOCK_FONT_SIZE -gravity SouthEast -fill '#00000044' -annotate 0x0+[%HOFFSET+58]+[%VOFFSET+108] '%H:%M' -fill white -annotate 0x0+[%HOFFSET+60]+[%VOFFSET+110] '%H:%M' -font `fc-match -f '%{file[0]}' '%DATE_FONT_NAME'` -pointsize %DATE_FONT_SIZE -fill '#00000044' -annotate 0x0+[%HOFFSET+58]+[%VOFFSET+58] '%A, %B %d' -fill white -annotate 0x0+[%HOFFSET+60]+[%VOFFSET+60] '%A, %B %d''
INFO: 2020-05-13 09:46:12,293: log_options() 'clock_font = Ubuntu Condensed, 70'
INFO: 2020-05-13 09:46:12,293: log_options() 'configfile = /home/live/.config/variety/variety.conf'
INFO: 2020-05-13 09:46:12,293: log_options() 'copyto_enabled = True'
INFO: 2020-05-13 09:46:12,293: log_options() 'copyto_folder = /usr/share/backgrounds'
INFO: 2020-05-13 09:46:12,293: log_options() 'desired_color = [160, 160, 160]'
INFO: 2020-05-13 09:46:12,293: log_options() 'desired_color_enabled = False'
INFO: 2020-05-13 09:46:12,293: log_options() 'download_folder = /home/live/.config/variety/Downloaded'
INFO: 2020-05-13 09:46:12,293: log_options() 'download_preference_ratio = 0.9'
INFO: 2020-05-13 09:46:12,293: log_options() 'favorites_folder = /home/live/.config/variety/Favorites'
INFO: 2020-05-13 09:46:12,293: log_options() 'favorites_operations = [['Downloaded', 'Copy'], ['Fetched', 'Move'], ['Others', 'Copy']]'
INFO: 2020-05-13 09:46:12,293: log_options() 'fetched_folder = /home/live/.config/variety/Fetched'
INFO: 2020-05-13 09:46:12,293: log_options() 'filters = [[False, 'Keep original', ''], [False, 'Grayscale', '-type Grayscale'], [False, 'Heavy blur', '-blur 120x40'], [False, 'Soft blur', '-blur 20x7'], [False, 'Oil painting', '-paint 8'], [False, 'Pencil sketch', '-colorspace gray \\( +clone -tile ~/.config/variety/pencil_tile.png -draw "color 0,0 reset" +clone +swap -compose color_dodge -composite \\) -fx \'u*.2+v*.8\''], [False, 'Pointilism', '-spread 10 -noise 3'], [False, 'Pixellate', '-scale 3% -scale 3333%']]'
INFO: 2020-05-13 09:46:12,293: log_options() 'icon = Light'
INFO: 2020-05-13 09:46:12,293: log_options() 'lightness_enabled = False'
INFO: 2020-05-13 09:46:12,293: log_options() 'lightness_mode = 0'
INFO: 2020-05-13 09:46:12,293: log_options() 'min_rating = 4'
INFO: 2020-05-13 09:46:12,293: log_options() 'min_rating_enabled = False'
INFO: 2020-05-13 09:46:12,293: log_options() 'min_size = 80'
INFO: 2020-05-13 09:46:12,293: log_options() 'min_size_enabled = False'
INFO: 2020-05-13 09:46:12,293: log_options() 'quota_enabled = True'
INFO: 2020-05-13 09:46:12,293: log_options() 'quota_size = 500'
INFO: 2020-05-13 09:46:12,293: log_options() 'quotes_authors = '
INFO: 2020-05-13 09:46:12,293: log_options() 'quotes_bg_color = [80, 80, 80]'
INFO: 2020-05-13 09:46:12,293: log_options() 'quotes_bg_opacity = 55'
INFO: 2020-05-13 09:46:12,293: log_options() 'quotes_change_enabled = False'
INFO: 2020-05-13 09:46:12,293: log_options() 'quotes_change_interval = 300'
INFO: 2020-05-13 09:46:12,293: log_options() 'quotes_disabled_sources = ['Urban Dictionary']'
INFO: 2020-05-13 09:46:12,293: log_options() 'quotes_enabled = False'
INFO: 2020-05-13 09:46:12,293: log_options() 'quotes_favorites_file = /home/live/.config/variety/favorite_quotes.txt'
INFO: 2020-05-13 09:46:12,293: log_options() 'quotes_font = Bitstream Charter 30'
INFO: 2020-05-13 09:46:12,293: log_options() 'quotes_hpos = 100'
INFO: 2020-05-13 09:46:12,294: log_options() 'quotes_max_length = 250'
INFO: 2020-05-13 09:46:12,294: log_options() 'quotes_tags = '
INFO: 2020-05-13 09:46:12,294: log_options() 'quotes_text_color = [255, 255, 255]'
INFO: 2020-05-13 09:46:12,294: log_options() 'quotes_text_shadow = False'
INFO: 2020-05-13 09:46:12,294: log_options() 'quotes_vpos = 40'
INFO: 2020-05-13 09:46:12,294: log_options() 'quotes_width = 70'
INFO: 2020-05-13 09:46:12,294: log_options() 'safe_mode = True'
INFO: 2020-05-13 09:46:12,294: log_options() 'slideshow_custom_enabled = False'
INFO: 2020-05-13 09:46:12,294: log_options() 'slideshow_custom_folder = /home/live'
INFO: 2020-05-13 09:46:12,294: log_options() 'slideshow_downloads_enabled = False'
INFO: 2020-05-13 09:46:12,294: log_options() 'slideshow_fade = 0.4'
INFO: 2020-05-13 09:46:12,294: log_options() 'slideshow_favorites_enabled = True'
INFO: 2020-05-13 09:46:12,294: log_options() 'slideshow_mode = Fullscreen'
INFO: 2020-05-13 09:46:12,294: log_options() 'slideshow_monitor = All'
INFO: 2020-05-13 09:46:12,294: log_options() 'slideshow_pan = 0.05'
INFO: 2020-05-13 09:46:12,294: log_options() 'slideshow_seconds = 6.0'
INFO: 2020-05-13 09:46:12,294: log_options() 'slideshow_sort_order = Random'
INFO: 2020-05-13 09:46:12,294: log_options() 'slideshow_sources_enabled = True'
INFO: 2020-05-13 09:46:12,294: log_options() 'slideshow_zoom = 0.2'
INFO: 2020-05-13 09:46:12,294: log_options() 'smart_enabled = False'
INFO: 2020-05-13 09:46:12,294: log_options() 'smart_notice_shown = True'
INFO: 2020-05-13 09:46:12,294: log_options() 'smart_register_shown = True'
INFO: 2020-05-13 09:46:12,294: log_options() 'sources = [[False, 'favorites', 'The Favorites folder'], [False, 'fetched', 'The Fetched folder'], [False, 'recommended', 'Recommended by Variety. Adapts to your taste as you mark images as favorite or trash.'], [False, 'latest', 'Latest favorites by the other users of Variety. [May contain NSFW images]'], [False, 'folder', '/usr/share/backgrounds'], [False, 'desktoppr', 'Random wallpapers from Desktoppr.co'], [True, 'bing', 'Bing Photo of the Day'], [False, 'unsplash', 'High-resolution photos from Unsplash.com'], [True, 'apod', "NASA's Astronomy Picture of the Day"], [False, 'flickr', 'user:www.flickr.com/photos/peter-levi/;user_id:93647178@N00;'], [True, 'chromeos', 'Chrome OS Wallpapers'], [True, 'earthview', 'Google Earth View Wallpapers']]'
INFO: 2020-05-13 09:46:12,294: log_options() 'stats_enabled = False'
INFO: 2020-05-13 09:46:12,294: log_options() 'stats_notice_shown = True'
INFO: 2020-05-13 09:46:12,294: log_options() 'sync_enabled = True'
INFO: 2020-05-13 09:46:12,294: log_options() 'use_landscape_enabled = True'
INFO: 2020-05-13 09:46:12,294: reload_config() 'No need to clear prepared queue'
INFO: 2020-05-13 09:46:12,294: update_indicator() 'Setting file info to: /home/live/.config/variety/Downloaded/Bing/OHR.SiegeofCusco_EN-US6660036620_1920x1080.jpg'
INFO: 2020-05-13 09:46:12,296: load_last_change_time() 'Change interval < 6 hours, ignore persisted last_change_time, wait initially the whole interval: 300'
INFO: 2020-05-13 09:46:12,296: update_indicator() 'Setting file info to: /home/live/.config/variety/Downloaded/Bing/OHR.SiegeofCusco_EN-US6660036620_1920x1080.jpg'
INFO: 2020-05-13 09:46:12,297: regular_change_thread() 'regular_change thread running'
INFO: 2020-05-13 09:46:12,297: prepare_thread() 'Prepare thread running'
INFO: 2020-05-13 09:46:12,297: prepare_thread() 'Prepared buffer contains 0 images'
INFO: 2020-05-13 09:46:12,297: prepare_thread() 'Preparing some images'
INFO: 2020-05-13 09:46:12,301: get_throttling() 'NASA Astro Pic of the Day: parsing serverside options'
INFO: 2020-05-13 09:46:12,301: get_throttling() 'Could not parse NASA Astro Pic of the Day serverside options, using defaults None, None'
INFO: 2020-05-13 09:46:12,301: get_throttling() 'NASA Astro Pic of the Day: parsing serverside options'
INFO: 2020-05-13 09:46:12,301: get_throttling() 'Could not parse NASA Astro Pic of the Day serverside options, using defaults None, None'
INFO: 2020-05-13 09:46:12,301: download_one() 'NASA Astro Pic of the Day: Downloading an image, config: None'
INFO: 2020-05-13 09:46:12,301: download_one() 'NASA Astro Pic of the Day: Queue size: 0'
INFO: 2020-05-13 09:46:12,301: get_throttling() 'NASA Astro Pic of the Day: parsing serverside options'
INFO: 2020-05-13 09:46:12,301: get_throttling() 'Could not parse NASA Astro Pic of the Day serverside options, using defaults None, None'
INFO: 2020-05-13 09:46:12,301: download_one() 'NASA Astro Pic of the Day: Filling queue'
INFO: 2020-05-13 09:46:12,301: fill_queue() 'Filling APOD queue from Archive'
INFO: 2020-05-13 09:46:12,309: update_indicator_icon() 'Creating indicator'
WARNING: 2020-05-13 09:46:12,361: create_menu() 'Variety Slideshow is not installed. This is an optional extension adding pan-and-zoom slideshows to Variety: see https://github.com/peterlevi/variety-slideshow for details'
INFO: 2020-05-13 09:46:12,369: create_indicator() 'indicator backend: AyatanaAppIndicator3'
INFO: 2020-05-13 09:46:12,400: do_set_wp() 'Calling do_set_wp with /home/live/.config/variety/Downloaded/Bing/OHR.SiegeofCusco_EN-US6660036620_1920x1080.jpg, time: 1589384772.4003549'
INFO: 2020-05-13 09:46:12,410: prepare_thread() 'After search prepared buffer contains 21 images'
INFO: 2020-05-13 09:46:12,419: set_from_theme_icon() 'Showing indicator icon variety-indicator from GTK theme'
INFO: 2020-05-13 09:46:12,448: update_indicator() 'Setting file info to: /home/live/.config/variety/Downloaded/Bing/OHR.SiegeofCusco_EN-US6660036620_1920x1080.jpg'
INFO: 2020-05-13 09:46:12,450: list_files() 'More than 1 files in the folders, stop listing'
ERROR: 2020-05-13 09:46:12,909: set_desktop_wallpaper() 'Exception when calling set_wallpaper script: 127'
Traceback (most recent call last):
  File "/usr/lib/python3/dist-packages/variety/VarietyWindow.py", line 2664, in set_desktop_wallpaper
    subprocess.check_call(
  File "/usr/lib/python3.8/subprocess.py", line 364, in check_call
    raise CalledProcessError(retcode, cmd)
subprocess.CalledProcessError: Command '['timeout', '--kill-after=5', '10', '/home/live/.config/variety/scripts/set_wallpaper', '/usr/share/backgrounds/variety-copied-wallpaper-ee0ec7fb8b463ec0df3c546a7e1a5c71.jpg', 'refresh', '/home/live/.config/variety/Downloaded/Bing/OHR.SiegeofCusco_EN-US6660036620_1920x1080.jpg']' returned non-zero exit status 127.
INFO: 2020-05-13 09:46:13,581: reload() 'Reloading preferences dialog'
INFO: 2020-05-13 09:46:14,071: download_one() 'NASA Astro Pic of the Day: Queue populated with 730 URLs'
INFO: 2020-05-13 09:46:14,071: download_queue_item() 'APOD URL: http://apod.nasa.gov/apod/ap200315.html'
INFO: 2020-05-13 09:46:14,416: trigger_download() 'Triggering download thread to check if download needed'
INFO: 2020-05-13 09:46:14,530: download_queue_item() 'No image url found for this APOD URL'
INFO: 2020-05-13 09:46:15,532: get_throttling() 'Earth View: parsing serverside options'
INFO: 2020-05-13 09:46:15,532: get_throttling() 'Could not parse Earth View serverside options, using defaults 20, None'
INFO: 2020-05-13 09:46:15,532: get_throttling() 'Earth View: parsing serverside options'
INFO: 2020-05-13 09:46:15,532: get_throttling() 'Could not parse Earth View serverside options, using defaults 20, None'
INFO: 2020-05-13 09:46:15,532: download_one() 'Earth View: Downloading an image, config: None'
INFO: 2020-05-13 09:46:15,532: download_one() 'Earth View: Queue size: 0'
INFO: 2020-05-13 09:46:15,532: get_throttling() 'Earth View: parsing serverside options'
INFO: 2020-05-13 09:46:15,532: get_throttling() 'Could not parse Earth View serverside options, using defaults 20, None'
INFO: 2020-05-13 09:46:15,532: download_one() 'Earth View: Filling queue'
INFO: 2020-05-13 09:46:15,618: download_one() 'Earth View: Queue populated with 1511 URLs'
INFO: 2020-05-13 09:46:15,618: save_locally() 'Origin URL: https://earthview.withgoogle.com/1550'
INFO: 2020-05-13 09:46:15,618: save_locally() 'Image URL: https://www.gstatic.com/prettyearth/assets/full/1550.jpg'
INFO: 2020-05-13 09:46:15,618: save_locally() 'Local path: /home/live/.config/variety/Downloaded/Earth View/Yelizovsky District, Russia (ID-1550).jpg'
INFO: 2020-05-13 09:46:15,740: save_locally() 'Download complete'
INFO: 2020-05-13 09:46:15,741: update_indicator() 'Setting file info to: /home/live/.config/variety/Downloaded/Bing/OHR.SiegeofCusco_EN-US6660036620_1920x1080.jpg'
INFO: 2020-05-13 09:46:15,742: list_files() 'More than 1 files in the folders, stop listing'
INFO: 2020-05-13 09:46:15,750: download_one_from() 'Adding downloaded file /home/live/.config/variety/Downloaded/Earth View/Yelizovsky District, Russia (ID-1550).jpg to unseen_downloads'
INFO: 2020-05-13 09:46:16,751: get_throttling() 'Bing: parsing serverside options'
INFO: 2020-05-13 09:46:16,751: get_throttling() 'Could not parse Bing serverside options, using defaults None, None'
INFO: 2020-05-13 09:46:16,752: get_throttling() 'Bing: parsing serverside options'
INFO: 2020-05-13 09:46:16,752: get_throttling() 'Could not parse Bing serverside options, using defaults None, None'
INFO: 2020-05-13 09:46:16,752: download_one() 'Bing: Downloading an image, config: None'
INFO: 2020-05-13 09:46:16,752: download_one() 'Bing: Queue size: 0'
INFO: 2020-05-13 09:46:16,752: get_throttling() 'Bing: parsing serverside options'
INFO: 2020-05-13 09:46:16,752: get_throttling() 'Could not parse Bing serverside options, using defaults None, None'
INFO: 2020-05-13 09:46:16,752: download_one() 'Bing: Filling queue'
INFO: 2020-05-13 09:46:16,899: download_one() 'Bing: Queue populated with 7 URLs'
INFO: 2020-05-13 09:46:16,900: save_locally() 'Origin URL: https://www.bing.com/search?q=texas+bluebonnets&form=hpcapt&filters=HpDate%3a%2220200507_0700%22'
INFO: 2020-05-13 09:46:16,900: save_locally() 'Image URL: https://www.bing.com/th?id=OHR.WildflowerWeek_EN-US0188713175_1920x1080.jpg&rf=LaDigue_1920x1080.jpg&pid=hp'
INFO: 2020-05-13 09:46:16,900: save_locally() 'Local path: /home/live/.config/variety/Downloaded/Bing/OHR.WildflowerWeek_EN-US0188713175_1920x1080.jpg'
INFO: 2020-05-13 09:46:17,090: save_locally() 'Download complete'
INFO: 2020-05-13 09:46:17,090: update_indicator() 'Setting file info to: /home/live/.config/variety/Downloaded/Bing/OHR.SiegeofCusco_EN-US6660036620_1920x1080.jpg'
INFO: 2020-05-13 09:46:17,092: list_files() 'More than 1 files in the folders, stop listing'
INFO: 2020-05-13 09:46:17,097: download_one_from() 'Adding downloaded file /home/live/.config/variety/Downloaded/Bing/OHR.WildflowerWeek_EN-US0188713175_1920x1080.jpg to unseen_downloads'
INFO: 2020-05-13 09:46:17,298: set_wallpaper() 'Calling set_wallpaper with /home/live/.config/variety/Downloaded/Bing/OHR.MooseWatching_EN-US2214823502_1920x1080.jpg'
INFO: 2020-05-13 09:46:17,299: prepare_thread() 'Prepared buffer contains 21 images'
INFO: 2020-05-13 09:46:17,301: do_set_wp() 'Calling do_set_wp with /home/live/.config/variety/Downloaded/Bing/OHR.MooseWatching_EN-US2214823502_1920x1080.jpg, time: 1589384777.301099'
INFO: 2020-05-13 09:46:17,360: update_indicator() 'Setting file info to: /home/live/.config/variety/Downloaded/Bing/OHR.MooseWatching_EN-US2214823502_1920x1080.jpg'
INFO: 2020-05-13 09:46:17,362: list_files() 'More than 1 files in the folders, stop listing'
ERROR: 2020-05-13 09:46:17,728: set_desktop_wallpaper() 'Exception when calling set_wallpaper script: 127'
Traceback (most recent call last):
  File "/usr/lib/python3/dist-packages/variety/VarietyWindow.py", line 2664, in set_desktop_wallpaper
    subprocess.check_call(
  File "/usr/lib/python3.8/subprocess.py", line 364, in check_call
    raise CalledProcessError(retcode, cmd)
subprocess.CalledProcessError: Command '['timeout', '--kill-after=5', '10', '/home/live/.config/variety/scripts/set_wallpaper', '/usr/share/backgrounds/variety-copied-wallpaper-f8c7d3f799a28e3406a80f0891e35ef6.jpg', 'auto', '/home/live/.config/variety/Downloaded/Bing/OHR.MooseWatching_EN-US2214823502_1920x1080.jpg']' returned non-zero exit status 127.
INFO: 2020-05-13 09:46:18,099: get_throttling() 'Bing: parsing serverside options'
INFO: 2020-05-13 09:46:18,100: get_throttling() 'Could not parse Bing serverside options, using defaults None, None'
INFO: 2020-05-13 09:46:18,100: get_throttling() 'Bing: parsing serverside options'
INFO: 2020-05-13 09:46:18,100: get_throttling() 'Could not parse Bing serverside options, using defaults None, None'
INFO: 2020-05-13 09:46:18,100: download_one() 'Bing: Downloading an image, config: None'
INFO: 2020-05-13 09:46:18,101: download_one() 'Bing: Queue size: 6'
INFO: 2020-05-13 09:46:18,101: download_one() 'Bing: Queue populated with 6 URLs'
INFO: 2020-05-13 09:46:18,101: save_locally() 'Origin URL: https://www.bing.com/search?q=mother%27s+day&form=hpcapt&filters=HpDate%3a%2220200510_0700%22'
INFO: 2020-05-13 09:46:18,102: save_locally() 'Image URL: https://www.bing.com/th?id=OHR.ZebraMom_EN-US1905224456_1920x1080.jpg&rf=LaDigue_1920x1080.jpg&pid=hp'
INFO: 2020-05-13 09:46:18,102: save_locally() 'Local path: /home/live/.config/variety/Downloaded/Bing/OHR.ZebraMom_EN-US1905224456_1920x1080.jpg'
INFO: 2020-05-13 09:46:18,102: save_locally() 'File already exists, skip downloading'
INFO: 2020-05-13 09:46:19,105: get_throttling() 'Earth View: parsing serverside options'
INFO: 2020-05-13 09:46:19,105: get_throttling() 'Could not parse Earth View serverside options, using defaults 20, None'
INFO: 2020-05-13 09:46:19,105: get_throttling() 'Earth View: parsing serverside options'
INFO: 2020-05-13 09:46:19,105: get_throttling() 'Could not parse Earth View serverside options, using defaults 20, None'
INFO: 2020-05-13 09:46:19,106: download_one() 'Earth View: Downloading an image, config: None'
INFO: 2020-05-13 09:46:19,106: download_one() 'Earth View: Queue size: 1510'
INFO: 2020-05-13 09:46:19,106: download_one() 'Earth View: Queue populated with 1510 URLs'
INFO: 2020-05-13 09:46:19,107: save_locally() 'Origin URL: https://earthview.withgoogle.com/2350'
INFO: 2020-05-13 09:46:19,107: save_locally() 'Image URL: https://www.gstatic.com/prettyearth/assets/full/2350.jpg'
INFO: 2020-05-13 09:46:19,107: save_locally() 'Local path: /home/live/.config/variety/Downloaded/Earth View/Kanab, United States (ID-2350).jpg'
INFO: 2020-05-13 09:46:19,301: trigger_download() 'Triggering download thread to check if download needed'
INFO: 2020-05-13 09:46:19,302: trigger_download() 'Triggering download thread to check if download needed'
INFO: 2020-05-13 09:46:19,554: save_locally() 'Download complete'
INFO: 2020-05-13 09:46:19,554: update_indicator() 'Setting file info to: /home/live/.config/variety/Downloaded/Bing/OHR.MooseWatching_EN-US2214823502_1920x1080.jpg'
INFO: 2020-05-13 09:46:19,556: list_files() 'More than 1 files in the folders, stop listing'
INFO: 2020-05-13 09:46:19,564: download_one_from() 'Adding downloaded file /home/live/.config/variety/Downloaded/Earth View/Kanab, United States (ID-2350).jpg to unseen_downloads'
INFO: 2020-05-13 09:46:20,566: get_throttling() 'Earth View: parsing serverside options'
INFO: 2020-05-13 09:46:20,566: get_throttling() 'Could not parse Earth View serverside options, using defaults 20, None'
INFO: 2020-05-13 09:46:20,567: get_throttling() 'Earth View: parsing serverside options'
INFO: 2020-05-13 09:46:20,567: get_throttling() 'Could not parse Earth View serverside options, using defaults 20, None'
INFO: 2020-05-13 09:46:20,567: download_one() 'Earth View: Downloading an image, config: None'
INFO: 2020-05-13 09:46:20,567: download_one() 'Earth View: Queue size: 1509'
INFO: 2020-05-13 09:46:20,567: download_one() 'Earth View: Queue populated with 1509 URLs'
INFO: 2020-05-13 09:46:20,568: save_locally() 'Origin URL: https://earthview.withgoogle.com/1578'
INFO: 2020-05-13 09:46:20,568: save_locally() 'Image URL: https://www.gstatic.com/prettyearth/assets/full/1578.jpg'
INFO: 2020-05-13 09:46:20,568: save_locally() 'Local path: /home/live/.config/variety/Downloaded/Earth View/Şereflikoçhisar, Turkey (ID-1578).jpg'
INFO: 2020-05-13 09:46:20,695: save_locally() 'Download complete'
INFO: 2020-05-13 09:46:20,695: update_indicator() 'Setting file info to: /home/live/.config/variety/Downloaded/Bing/OHR.MooseWatching_EN-US2214823502_1920x1080.jpg'
INFO: 2020-05-13 09:46:20,697: list_files() 'More than 1 files in the folders, stop listing'
INFO: 2020-05-13 09:46:20,704: download_one_from() 'Adding downloaded file /home/live/.config/variety/Downloaded/Earth View/Şereflikoçhisar, Turkey (ID-1578).jpg to unseen_downloads'
INFO: 2020-05-13 09:46:21,706: get_throttling() 'Earth View: parsing serverside options'
INFO: 2020-05-13 09:46:21,706: get_throttling() 'Could not parse Earth View serverside options, using defaults 20, None'
INFO: 2020-05-13 09:46:21,706: get_throttling() 'Earth View: parsing serverside options'
INFO: 2020-05-13 09:46:21,707: get_throttling() 'Could not parse Earth View serverside options, using defaults 20, None'
INFO: 2020-05-13 09:46:21,707: download_one() 'Earth View: Downloading an image, config: None'
INFO: 2020-05-13 09:46:21,707: download_one() 'Earth View: Queue size: 1508'
INFO: 2020-05-13 09:46:21,707: download_one() 'Earth View: Queue populated with 1508 URLs'
INFO: 2020-05-13 09:46:21,707: save_locally() 'Origin URL: https://earthview.withgoogle.com/5864'
INFO: 2020-05-13 09:46:21,707: save_locally() 'Image URL: https://www.gstatic.com/prettyearth/assets/full/5864.jpg'
INFO: 2020-05-13 09:46:21,708: save_locally() 'Local path: /home/live/.config/variety/Downloaded/Earth View/Andamooka, Australia (ID-5864).jpg'
INFO: 2020-05-13 09:46:21,913: save_locally() 'Download complete'
INFO: 2020-05-13 09:46:21,913: update_indicator() 'Setting file info to: /home/live/.config/variety/Downloaded/Bing/OHR.MooseWatching_EN-US2214823502_1920x1080.jpg'
INFO: 2020-05-13 09:46:21,916: list_files() 'More than 1 files in the folders, stop listing'
INFO: 2020-05-13 09:46:21,931: download_one_from() 'Adding downloaded file /home/live/.config/variety/Downloaded/Earth View/Andamooka, Australia (ID-5864).jpg to unseen_downloads'
INFO: 2020-05-13 09:46:22,932: get_throttling() 'Earth View: parsing serverside options'
INFO: 2020-05-13 09:46:22,933: get_throttling() 'Could not parse Earth View serverside options, using defaults 20, None'
INFO: 2020-05-13 09:46:22,933: get_throttling() 'Earth View: parsing serverside options'
INFO: 2020-05-13 09:46:22,933: get_throttling() 'Could not parse Earth View serverside options, using defaults 20, None'
INFO: 2020-05-13 09:46:22,933: download_one() 'Earth View: Downloading an image, config: None'
INFO: 2020-05-13 09:46:22,933: download_one() 'Earth View: Queue size: 1507'
INFO: 2020-05-13 09:46:22,933: download_one() 'Earth View: Queue populated with 1507 URLs'
INFO: 2020-05-13 09:46:22,934: save_locally() 'Origin URL: https://earthview.withgoogle.com/5073'
INFO: 2020-05-13 09:46:22,934: save_locally() 'Image URL: https://www.gstatic.com/prettyearth/assets/full/5073.jpg'
INFO: 2020-05-13 09:46:22,934: save_locally() 'Local path: /home/live/.config/variety/Downloaded/Earth View/Cuba (ID-5073).jpg'
INFO: 2020-05-13 09:46:23,080: save_locally() 'Download complete'
INFO: 2020-05-13 09:46:23,080: update_indicator() 'Setting file info to: /home/live/.config/variety/Downloaded/Bing/OHR.MooseWatching_EN-US2214823502_1920x1080.jpg'
INFO: 2020-05-13 09:46:23,081: list_files() 'More than 1 files in the folders, stop listing'
INFO: 2020-05-13 09:46:23,087: download_one_from() 'Adding downloaded file /home/live/.config/variety/Downloaded/Earth View/Cuba (ID-5073).jpg to unseen_downloads'
INFO: 2020-05-13 09:46:24,088: get_throttling() 'Earth View: parsing serverside options'
INFO: 2020-05-13 09:46:24,089: get_throttling() 'Could not parse Earth View serverside options, using defaults 20, None'
INFO: 2020-05-13 09:46:24,089: get_throttling() 'Earth View: parsing serverside options'
INFO: 2020-05-13 09:46:24,089: get_throttling() 'Could not parse Earth View serverside options, using defaults 20, None'
INFO: 2020-05-13 09:46:24,089: download_one() 'Earth View: Downloading an image, config: None'
INFO: 2020-05-13 09:46:24,090: download_one() 'Earth View: Queue size: 1506'
INFO: 2020-05-13 09:46:24,090: download_one() 'Earth View: Queue populated with 1506 URLs'
INFO: 2020-05-13 09:46:24,090: save_locally() 'Origin URL: https://earthview.withgoogle.com/5792'
INFO: 2020-05-13 09:46:24,090: save_locally() 'Image URL: https://www.gstatic.com/prettyearth/assets/full/5792.jpg'
INFO: 2020-05-13 09:46:24,091: save_locally() 'Local path: /home/live/.config/variety/Downloaded/Earth View/South Bay, New Zealand (ID-5792).jpg'
INFO: 2020-05-13 09:46:24,274: save_locally() 'Download complete'
INFO: 2020-05-13 09:46:24,275: update_indicator() 'Setting file info to: /home/live/.config/variety/Downloaded/Bing/OHR.MooseWatching_EN-US2214823502_1920x1080.jpg'
INFO: 2020-05-13 09:46:24,276: list_files() 'More than 1 files in the folders, stop listing'
INFO: 2020-05-13 09:46:24,282: download_one_from() 'Adding downloaded file /home/live/.config/variety/Downloaded/Earth View/South Bay, New Zealand (ID-5792).jpg to unseen_downloads'
INFO: 2020-05-13 09:46:25,284: get_throttling() 'Earth View: parsing serverside options'
INFO: 2020-05-13 09:46:25,284: get_throttling() 'Could not parse Earth View serverside options, using defaults 20, None'
INFO: 2020-05-13 09:46:25,284: get_throttling() 'Earth View: parsing serverside options'
INFO: 2020-05-13 09:46:25,285: get_throttling() 'Could not parse Earth View serverside options, using defaults 20, None'
INFO: 2020-05-13 09:46:25,285: download_one() 'Earth View: Downloading an image, config: None'
INFO: 2020-05-13 09:46:25,285: download_one() 'Earth View: Queue size: 1505'
INFO: 2020-05-13 09:46:25,285: download_one() 'Earth View: Queue populated with 1505 URLs'
INFO: 2020-05-13 09:46:25,286: save_locally() 'Origin URL: https://earthview.withgoogle.com/2179'
INFO: 2020-05-13 09:46:25,286: save_locally() 'Image URL: https://www.gstatic.com/prettyearth/assets/full/2179.jpg'
INFO: 2020-05-13 09:46:25,286: save_locally() 'Local path: /home/live/.config/variety/Downloaded/Earth View/Oregon, United States (ID-2179).jpg'
INFO: 2020-05-13 09:46:25,445: save_locally() 'Download complete'
INFO: 2020-05-13 09:46:25,446: update_indicator() 'Setting file info to: /home/live/.config/variety/Downloaded/Bing/OHR.MooseWatching_EN-US2214823502_1920x1080.jpg'
INFO: 2020-05-13 09:46:25,447: list_files() 'More than 1 files in the folders, stop listing'
INFO: 2020-05-13 09:46:25,453: download_one_from() 'Adding downloaded file /home/live/.config/variety/Downloaded/Earth View/Oregon, United States (ID-2179).jpg to unseen_downloads'
INFO: 2020-05-13 09:46:26,454: get_throttling() 'Earth View: parsing serverside options'
INFO: 2020-05-13 09:46:26,454: get_throttling() 'Could not parse Earth View serverside options, using defaults 20, None'
INFO: 2020-05-13 09:46:26,454: get_throttling() 'Earth View: parsing serverside options'
INFO: 2020-05-13 09:46:26,455: get_throttling() 'Could not parse Earth View serverside options, using defaults 20, None'
INFO: 2020-05-13 09:46:26,455: download_one() 'Earth View: Downloading an image, config: None'
INFO: 2020-05-13 09:46:26,455: download_one() 'Earth View: Queue size: 1504'
INFO: 2020-05-13 09:46:26,455: download_one() 'Earth View: Queue populated with 1504 URLs'
INFO: 2020-05-13 09:46:26,455: save_locally() 'Origin URL: https://earthview.withgoogle.com/1790'
INFO: 2020-05-13 09:46:26,455: save_locally() 'Image URL: https://www.gstatic.com/prettyearth/assets/full/1790.jpg'
INFO: 2020-05-13 09:46:26,455: save_locally() 'Local path: /home/live/.config/variety/Downloaded/Earth View/Pusterwald, Austria (ID-1790).jpg'
INFO: 2020-05-13 09:46:26,678: save_locally() 'Download complete'
INFO: 2020-05-13 09:46:26,679: update_indicator() 'Setting file info to: /home/live/.config/variety/Downloaded/Bing/OHR.MooseWatching_EN-US2214823502_1920x1080.jpg'
INFO: 2020-05-13 09:46:26,681: list_files() 'More than 1 files in the folders, stop listing'
INFO: 2020-05-13 09:46:26,686: download_one_from() 'Adding downloaded file /home/live/.config/variety/Downloaded/Earth View/Pusterwald, Austria (ID-1790).jpg to unseen_downloads'
INFO: 2020-05-13 09:46:32,328: server_options_thread() 'Fetching server options from http://tiny.cc/variety-options-063'
INFO: 2020-05-13 09:46:32,848: server_options_thread() 'Fetched server options: {'flickr': {'min_fill_queue_interval': 1200, 'min_download_interval': 1200}, 'wallbase': {'min_fill_queue_interval': 1800, 'min_download_interval': 1800}, 'wallhaven': {'min_fill_queue_interval': 1800, 'min_download_interval': 1800}, 'wallpapers.net': {'min_fill_queue_interval': 601, 'min_download_interval': 0}, 'unsplash': {'min_fill_queue_interval': 20000000000, 'min_download_interval': 20000000000}, 'unsplash_v2': {'min_fill_queue_interval': 2000, 'min_download_interval': 1200}, 'status_message': {'0.0.1': '', '*': ''}}'
INFO: 2020-05-13 09:49:27,688: get_throttling() 'Chrome OS Wallpapers: parsing serverside options'
INFO: 2020-05-13 09:49:27,689: get_throttling() 'Could not parse Chrome OS Wallpapers serverside options, using defaults None, None'
INFO: 2020-05-13 09:49:27,689: get_throttling() 'Chrome OS Wallpapers: parsing serverside options'
INFO: 2020-05-13 09:49:27,689: get_throttling() 'Could not parse Chrome OS Wallpapers serverside options, using defaults None, None'
INFO: 2020-05-13 09:49:27,689: download_one() 'Chrome OS Wallpapers: Downloading an image, config: None'
INFO: 2020-05-13 09:49:27,689: download_one() 'Chrome OS Wallpapers: Queue size: 0'
INFO: 2020-05-13 09:49:27,689: get_throttling() 'Chrome OS Wallpapers: parsing serverside options'
INFO: 2020-05-13 09:49:27,690: get_throttling() 'Could not parse Chrome OS Wallpapers serverside options, using defaults None, None'
INFO: 2020-05-13 09:49:27,690: download_one() 'Chrome OS Wallpapers: Filling queue'
ERROR: 2020-05-13 09:49:27,886: download_one_from() 'Could not download wallpaper:'
Traceback (most recent call last):
  File "/usr/lib/python3/dist-packages/variety/VarietyWindow.py", line 1156, in download_one_from
    file = downloader.download_one()
  File "/usr/lib/python3/dist-packages/variety/plugins/downloaders/DefaultDownloader.py", line 141, in download_one
    items = self.fill_queue()
  File "/usr/lib/python3/dist-packages/variety/plugins/builtin/downloaders/ChromeOSWallpapersDownloader.py", line 54, in fill_queue
    manifest = Util.fetch_json(MANIFEST_URL)
  File "/usr/lib/python3/dist-packages/variety/Util.py", line 643, in fetch_json
    return Util.request(url, data, **request_kwargs).json()
  File "/usr/lib/python3/dist-packages/variety/Util.py", line 622, in request
    r.raise_for_status()
  File "/usr/lib/python3/dist-packages/requests/models.py", line 940, in raise_for_status
    raise HTTPError(http_error_msg, response=self)
requests.exceptions.HTTPError: 404 Client Error: Not Found for url: https://storage.googleapis.com/chromeos-wallpaper-public/manifest_en.json
INFO: 2020-05-13 09:49:28,892: get_throttling() 'NASA Astro Pic of the Day: parsing serverside options'
INFO: 2020-05-13 09:49:28,893: get_throttling() 'Could not parse NASA Astro Pic of the Day serverside options, using defaults None, None'
INFO: 2020-05-13 09:49:28,893: get_throttling() 'NASA Astro Pic of the Day: parsing serverside options'
INFO: 2020-05-13 09:49:28,893: get_throttling() 'Could not parse NASA Astro Pic of the Day serverside options, using defaults None, None'
INFO: 2020-05-13 09:49:28,893: download_one() 'NASA Astro Pic of the Day: Downloading an image, config: None'
INFO: 2020-05-13 09:49:28,893: download_one() 'NASA Astro Pic of the Day: Queue size: 729'
INFO: 2020-05-13 09:49:28,894: download_one() 'NASA Astro Pic of the Day: Queue populated with 729 URLs'
INFO: 2020-05-13 09:49:28,894: download_queue_item() 'APOD URL: http://apod.nasa.gov/apod/ap180619.html'
INFO: 2020-05-13 09:49:29,392: download_queue_item() 'Image URL: http://apod.nasa.gov/apod/image/1806/MilkyWayStromatolites_Zhang_1587.jpg'
INFO: 2020-05-13 09:49:29,392: save_locally() 'Origin URL: http://apod.nasa.gov/apod/ap180619.html'
INFO: 2020-05-13 09:49:29,392: save_locally() 'Image URL: http://apod.nasa.gov/apod/image/1806/MilkyWayStromatolites_Zhang_1587.jpg'
INFO: 2020-05-13 09:49:29,393: save_locally() 'Local path: /home/live/.config/variety/Downloaded/nasa_apod/MilkyWayStromatolites_Zhang_1587.jpg'
INFO: 2020-05-13 09:49:31,356: save_locally() 'Download complete'
INFO: 2020-05-13 09:49:31,356: update_indicator() 'Setting file info to: /home/live/.config/variety/Downloaded/Bing/OHR.MooseWatching_EN-US2214823502_1920x1080.jpg'
INFO: 2020-05-13 09:49:31,360: list_files() 'More than 1 files in the folders, stop listing'
INFO: 2020-05-13 09:49:31,368: download_one_from() 'Adding downloaded file /home/live/.config/variety/Downloaded/nasa_apod/MilkyWayStromatolites_Zhang_1587.jpg to unseen_downloads'
INFO: 2020-05-13 09:49:32,371: get_throttling() 'Bing: parsing serverside options'
INFO: 2020-05-13 09:49:32,372: get_throttling() 'Could not parse Bing serverside options, using defaults None, None'
INFO: 2020-05-13 09:49:32,372: get_throttling() 'Bing: parsing serverside options'
INFO: 2020-05-13 09:49:32,372: get_throttling() 'Could not parse Bing serverside options, using defaults None, None'
INFO: 2020-05-13 09:49:32,372: download_one() 'Bing: Downloading an image, config: None'
INFO: 2020-05-13 09:49:32,372: download_one() 'Bing: Queue size: 5'
INFO: 2020-05-13 09:49:32,372: download_one() 'Bing: Queue populated with 5 URLs'
INFO: 2020-05-13 09:49:32,373: save_locally() 'Origin URL: https://www.bing.com/search?q=teacher+appreciation+week&form=hpcapt&filters=HpDate%3a%2220200509_0700%22'
INFO: 2020-05-13 09:49:32,373: save_locally() 'Image URL: https://www.bing.com/th?id=OHR.BarnOwlMigration_EN-US1831112399_1920x1080.jpg&rf=LaDigue_1920x1080.jpg&pid=hp'
INFO: 2020-05-13 09:49:32,373: save_locally() 'Local path: /home/live/.config/variety/Downloaded/Bing/OHR.BarnOwlMigration_EN-US1831112399_1920x1080.jpg'
INFO: 2020-05-13 09:49:32,560: save_locally() 'Download complete'
INFO: 2020-05-13 09:49:32,560: update_indicator() 'Setting file info to: /home/live/.config/variety/Downloaded/Bing/OHR.MooseWatching_EN-US2214823502_1920x1080.jpg'
INFO: 2020-05-13 09:49:32,562: list_files() 'More than 1 files in the folders, stop listing'
INFO: 2020-05-13 09:49:32,568: download_one_from() 'Adding downloaded file /home/live/.config/variety/Downloaded/Bing/OHR.BarnOwlMigration_EN-US1831112399_1920x1080.jpg to unseen_downloads'
INFO: 2020-05-13 09:49:33,570: get_throttling() 'NASA Astro Pic of the Day: parsing serverside options'
INFO: 2020-05-13 09:49:33,570: get_throttling() 'Could not parse NASA Astro Pic of the Day serverside options, using defaults None, None'
INFO: 2020-05-13 09:49:33,570: get_throttling() 'NASA Astro Pic of the Day: parsing serverside options'
INFO: 2020-05-13 09:49:33,571: get_throttling() 'Could not parse NASA Astro Pic of the Day serverside options, using defaults None, None'
INFO: 2020-05-13 09:49:33,571: download_one() 'NASA Astro Pic of the Day: Downloading an image, config: None'
INFO: 2020-05-13 09:49:33,571: download_one() 'NASA Astro Pic of the Day: Queue size: 728'
INFO: 2020-05-13 09:49:33,571: download_one() 'NASA Astro Pic of the Day: Queue populated with 728 URLs'
INFO: 2020-05-13 09:49:33,571: download_queue_item() 'APOD URL: http://apod.nasa.gov/apod/ap190714.html'
INFO: 2020-05-13 09:49:34,061: download_queue_item() 'Image URL: http://apod.nasa.gov/apod/image/1610/eagleaurora_jorgensen_900.jpg'
INFO: 2020-05-13 09:49:34,061: save_locally() 'Origin URL: http://apod.nasa.gov/apod/ap190714.html'
INFO: 2020-05-13 09:49:34,061: save_locally() 'Image URL: http://apod.nasa.gov/apod/image/1610/eagleaurora_jorgensen_900.jpg'
INFO: 2020-05-13 09:49:34,061: save_locally() 'Local path: /home/live/.config/variety/Downloaded/nasa_apod/eagleaurora_jorgensen_900.jpg'
INFO: 2020-05-13 09:49:36,040: save_locally() 'Download complete'
INFO: 2020-05-13 09:49:36,041: update_indicator() 'Setting file info to: /home/live/.config/variety/Downloaded/Bing/OHR.MooseWatching_EN-US2214823502_1920x1080.jpg'
INFO: 2020-05-13 09:49:36,043: list_files() 'More than 1 files in the folders, stop listing'
INFO: 2020-05-13 09:49:36,048: prepare_thread() 'Prepared buffer contains 21 images'
INFO: 2020-05-13 09:49:37,050: get_throttling() 'NASA Astro Pic of the Day: parsing serverside options'
INFO: 2020-05-13 09:49:37,051: get_throttling() 'Could not parse NASA Astro Pic of the Day serverside options, using defaults None, None'
INFO: 2020-05-13 09:49:37,051: get_throttling() 'NASA Astro Pic of the Day: parsing serverside options'
INFO: 2020-05-13 09:49:37,051: get_throttling() 'Could not parse NASA Astro Pic of the Day serverside options, using defaults None, None'
INFO: 2020-05-13 09:49:37,051: download_one() 'NASA Astro Pic of the Day: Downloading an image, config: None'
INFO: 2020-05-13 09:49:37,051: download_one() 'NASA Astro Pic of the Day: Queue size: 727'
INFO: 2020-05-13 09:49:37,051: download_one() 'NASA Astro Pic of the Day: Queue populated with 727 URLs'
INFO: 2020-05-13 09:49:37,051: download_queue_item() 'APOD URL: http://apod.nasa.gov/apod/ap200228.html'
INFO: 2020-05-13 09:49:37,559: download_queue_item() 'Image URL: http://apod.nasa.gov/apod/image/2002/Stack10_electron.jpg'
INFO: 2020-05-13 09:49:37,561: save_locally() 'Origin URL: http://apod.nasa.gov/apod/ap200228.html'
INFO: 2020-05-13 09:49:37,562: save_locally() 'Image URL: http://apod.nasa.gov/apod/image/2002/Stack10_electron.jpg'
INFO: 2020-05-13 09:49:37,562: save_locally() 'Local path: /home/live/.config/variety/Downloaded/nasa_apod/Stack10_electron.jpg'
INFO: 2020-05-13 09:49:38,051: trigger_download() 'Triggering download thread to check if download needed'
INFO: 2020-05-13 09:49:49,386: save_locally() 'Download complete'
INFO: 2020-05-13 09:49:49,387: update_indicator() 'Setting file info to: /home/live/.config/variety/Downloaded/Bing/OHR.MooseWatching_EN-US2214823502_1920x1080.jpg'
INFO: 2020-05-13 09:49:49,388: list_files() 'More than 1 files in the folders, stop listing'
INFO: 2020-05-13 09:49:49,393: download_one_from() 'Adding downloaded file /home/live/.config/variety/Downloaded/nasa_apod/Stack10_electron.jpg to unseen_downloads'
INFO: 2020-05-13 09:49:50,395: get_throttling() 'Bing: parsing serverside options'
INFO: 2020-05-13 09:49:50,395: get_throttling() 'Could not parse Bing serverside options, using defaults None, None'
INFO: 2020-05-13 09:49:50,395: get_throttling() 'Bing: parsing serverside options'
INFO: 2020-05-13 09:49:50,395: get_throttling() 'Could not parse Bing serverside options, using defaults None, None'
INFO: 2020-05-13 09:49:50,396: download_one() 'Bing: Downloading an image, config: None'
INFO: 2020-05-13 09:49:50,396: download_one() 'Bing: Queue size: 4'
INFO: 2020-05-13 09:49:50,396: download_one() 'Bing: Queue populated with 4 URLs'
INFO: 2020-05-13 09:49:50,396: save_locally() 'Origin URL: https://www.bing.com/search?q=grand+teton+national+park&form=hpcapt&filters=HpDate%3a%2220200511_0700%22'
INFO: 2020-05-13 09:49:50,397: save_locally() 'Image URL: https://www.bing.com/th?id=OHR.OldPatriarchTree_EN-US1608150295_1920x1080.jpg&rf=LaDigue_1920x1080.jpg&pid=hp'
INFO: 2020-05-13 09:49:50,397: save_locally() 'Local path: /home/live/.config/variety/Downloaded/Bing/OHR.OldPatriarchTree_EN-US1608150295_1920x1080.jpg'
INFO: 2020-05-13 09:49:50,397: save_locally() 'File already exists, skip downloading'
INFO: 2020-05-13 09:49:51,399: get_throttling() 'NASA Astro Pic of the Day: parsing serverside options'
INFO: 2020-05-13 09:49:51,400: get_throttling() 'Could not parse NASA Astro Pic of the Day serverside options, using defaults None, None'
INFO: 2020-05-13 09:49:51,400: get_throttling() 'NASA Astro Pic of the Day: parsing serverside options'
INFO: 2020-05-13 09:49:51,400: get_throttling() 'Could not parse NASA Astro Pic of the Day serverside options, using defaults None, None'
INFO: 2020-05-13 09:49:51,400: download_one() 'NASA Astro Pic of the Day: Downloading an image, config: None'
INFO: 2020-05-13 09:49:51,400: download_one() 'NASA Astro Pic of the Day: Queue size: 726'
INFO: 2020-05-13 09:49:51,400: download_one() 'NASA Astro Pic of the Day: Queue populated with 726 URLs'
INFO: 2020-05-13 09:49:51,401: download_queue_item() 'APOD URL: http://apod.nasa.gov/apod/ap200508.html'
INFO: 2020-05-13 09:49:51,889: download_queue_item() 'Image URL: http://apod.nasa.gov/apod/image/2005/c2020_f8_2020_05_02dp.jpg'
INFO: 2020-05-13 09:49:51,890: save_locally() 'Origin URL: http://apod.nasa.gov/apod/ap200508.html'
INFO: 2020-05-13 09:49:51,890: save_locally() 'Image URL: http://apod.nasa.gov/apod/image/2005/c2020_f8_2020_05_02dp.jpg'
INFO: 2020-05-13 09:49:51,890: save_locally() 'Local path: /home/live/.config/variety/Downloaded/nasa_apod/c2020_f8_2020_05_02dp.jpg'
INFO: 2020-05-13 09:50:11,997: save_locally() 'Download complete'
INFO: 2020-05-13 09:50:11,997: update_indicator() 'Setting file info to: /home/live/.config/variety/Downloaded/Bing/OHR.MooseWatching_EN-US2214823502_1920x1080.jpg'
INFO: 2020-05-13 09:50:11,999: list_files() 'More than 1 files in the folders, stop listing'
INFO: 2020-05-13 09:50:12,004: download_one_from() 'Adding downloaded file /home/live/.config/variety/Downloaded/nasa_apod/c2020_f8_2020_05_02dp.jpg to unseen_downloads'
INFO: 2020-05-13 09:50:13,006: get_throttling() 'NASA Astro Pic of the Day: parsing serverside options'
INFO: 2020-05-13 09:50:13,008: get_throttling() 'Could not parse NASA Astro Pic of the Day serverside options, using defaults None, None'
INFO: 2020-05-13 09:50:13,008: get_throttling() 'NASA Astro Pic of the Day: parsing serverside options'
INFO: 2020-05-13 09:50:13,008: get_throttling() 'Could not parse NASA Astro Pic of the Day serverside options, using defaults None, None'
INFO: 2020-05-13 09:50:13,008: download_one() 'NASA Astro Pic of the Day: Downloading an image, config: None'
INFO: 2020-05-13 09:50:13,008: download_one() 'NASA Astro Pic of the Day: Queue size: 725'
INFO: 2020-05-13 09:50:13,008: download_one() 'NASA Astro Pic of the Day: Queue populated with 725 URLs'
INFO: 2020-05-13 09:50:13,009: download_queue_item() 'APOD URL: http://apod.nasa.gov/apod/ap180901.html'
INFO: 2020-05-13 09:50:13,495: download_queue_item() 'Image URL: http://apod.nasa.gov/apod/image/1809/atmosphere_geo5_2018235_eq2400.jpg'
INFO: 2020-05-13 09:50:13,495: save_locally() 'Origin URL: http://apod.nasa.gov/apod/ap180901.html'
INFO: 2020-05-13 09:50:13,496: save_locally() 'Image URL: http://apod.nasa.gov/apod/image/1809/atmosphere_geo5_2018235_eq2400.jpg'
INFO: 2020-05-13 09:50:13,496: save_locally() 'Local path: /home/live/.config/variety/Downloaded/nasa_apod/atmosphere_geo5_2018235_eq2400.jpg'
INFO: 2020-05-13 09:50:19,997: save_locally() 'Download complete'
INFO: 2020-05-13 09:50:19,997: update_indicator() 'Setting file info to: /home/live/.config/variety/Downloaded/Bing/OHR.MooseWatching_EN-US2214823502_1920x1080.jpg'
INFO: 2020-05-13 09:50:20,000: list_files() 'More than 1 files in the folders, stop listing'
INFO: 2020-05-13 09:50:20,010: download_one_from() 'Adding downloaded file /home/live/.config/variety/Downloaded/nasa_apod/atmosphere_geo5_2018235_eq2400.jpg to unseen_downloads'
INFO: 2020-05-13 09:50:21,013: get_throttling() 'NASA Astro Pic of the Day: parsing serverside options'
INFO: 2020-05-13 09:50:21,013: get_throttling() 'Could not parse NASA Astro Pic of the Day serverside options, using defaults None, None'
INFO: 2020-05-13 09:50:21,013: get_throttling() 'NASA Astro Pic of the Day: parsing serverside options'
INFO: 2020-05-13 09:50:21,014: get_throttling() 'Could not parse NASA Astro Pic of the Day serverside options, using defaults None, None'
INFO: 2020-05-13 09:50:21,014: download_one() 'NASA Astro Pic of the Day: Downloading an image, config: None'
INFO: 2020-05-13 09:50:21,014: download_one() 'NASA Astro Pic of the Day: Queue size: 724'
INFO: 2020-05-13 09:50:21,014: download_one() 'NASA Astro Pic of the Day: Queue populated with 724 URLs'
INFO: 2020-05-13 09:50:21,014: download_queue_item() 'APOD URL: http://apod.nasa.gov/apod/ap190513.html'
INFO: 2020-05-13 09:50:21,504: download_queue_item() 'Image URL: http://apod.nasa.gov/apod/image/1905/RhoOphWide_Cogo_1024.jpg'
INFO: 2020-05-13 09:50:21,505: save_locally() 'Origin URL: http://apod.nasa.gov/apod/ap190513.html'
INFO: 2020-05-13 09:50:21,505: save_locally() 'Image URL: http://apod.nasa.gov/apod/image/1905/RhoOphWide_Cogo_1024.jpg'
INFO: 2020-05-13 09:50:21,505: save_locally() 'Local path: /home/live/.config/variety/Downloaded/nasa_apod/RhoOphWide_Cogo_1024.jpg'
INFO: 2020-05-13 09:50:24,952: save_locally() 'Download complete'
INFO: 2020-05-13 09:50:24,952: update_indicator() 'Setting file info to: /home/live/.config/variety/Downloaded/Bing/OHR.MooseWatching_EN-US2214823502_1920x1080.jpg'
INFO: 2020-05-13 09:50:24,955: list_files() 'More than 1 files in the folders, stop listing'
INFO: 2020-05-13 09:50:24,962: download_one_from() 'Adding downloaded file /home/live/.config/variety/Downloaded/nasa_apod/RhoOphWide_Cogo_1024.jpg to unseen_downloads'
INFO: 2020-05-13 09:50:25,964: get_throttling() 'NASA Astro Pic of the Day: parsing serverside options'
INFO: 2020-05-13 09:50:25,965: get_throttling() 'Could not parse NASA Astro Pic of the Day serverside options, using defaults None, None'
INFO: 2020-05-13 09:50:25,965: get_throttling() 'NASA Astro Pic of the Day: parsing serverside options'
INFO: 2020-05-13 09:50:25,965: get_throttling() 'Could not parse NASA Astro Pic of the Day serverside options, using defaults None, None'
INFO: 2020-05-13 09:50:25,965: download_one() 'NASA Astro Pic of the Day: Downloading an image, config: None'
INFO: 2020-05-13 09:50:25,965: download_one() 'NASA Astro Pic of the Day: Queue size: 723'
INFO: 2020-05-13 09:50:25,965: download_one() 'NASA Astro Pic of the Day: Queue populated with 723 URLs'
INFO: 2020-05-13 09:50:25,966: download_queue_item() 'APOD URL: http://apod.nasa.gov/apod/ap190512.html'
INFO: 2020-05-13 09:50:26,469: download_queue_item() 'Image URL: http://apod.nasa.gov/apod/image/1905/volcano_stefnisson_960.jpg'
INFO: 2020-05-13 09:50:26,469: save_locally() 'Origin URL: http://apod.nasa.gov/apod/ap190512.html'
INFO: 2020-05-13 09:50:26,469: save_locally() 'Image URL: http://apod.nasa.gov/apod/image/1905/volcano_stefnisson_960.jpg'
INFO: 2020-05-13 09:50:26,469: save_locally() 'Local path: /home/live/.config/variety/Downloaded/nasa_apod/volcano_stefnisson_960.jpg'
INFO: 2020-05-13 09:50:28,491: save_locally() 'Download complete'
INFO: 2020-05-13 09:50:28,491: update_indicator() 'Setting file info to: /home/live/.config/variety/Downloaded/Bing/OHR.MooseWatching_EN-US2214823502_1920x1080.jpg'
INFO: 2020-05-13 09:50:28,494: list_files() 'More than 1 files in the folders, stop listing'
INFO: 2020-05-13 09:50:28,502: download_one_from() 'Adding downloaded file /home/live/.config/variety/Downloaded/nasa_apod/volcano_stefnisson_960.jpg to unseen_downloads'
INFO: 2020-05-13 09:50:29,504: get_throttling() 'Chrome OS Wallpapers: parsing serverside options'
INFO: 2020-05-13 09:50:29,504: get_throttling() 'Could not parse Chrome OS Wallpapers serverside options, using defaults None, None'
INFO: 2020-05-13 09:50:29,505: get_throttling() 'Chrome OS Wallpapers: parsing serverside options'
INFO: 2020-05-13 09:50:29,505: get_throttling() 'Could not parse Chrome OS Wallpapers serverside options, using defaults None, None'
INFO: 2020-05-13 09:50:29,505: download_one() 'Chrome OS Wallpapers: Downloading an image, config: None'
INFO: 2020-05-13 09:50:29,505: download_one() 'Chrome OS Wallpapers: Queue size: 0'
INFO: 2020-05-13 09:50:29,505: get_throttling() 'Chrome OS Wallpapers: parsing serverside options'
INFO: 2020-05-13 09:50:29,505: get_throttling() 'Could not parse Chrome OS Wallpapers serverside options, using defaults None, None'
INFO: 2020-05-13 09:50:29,505: download_one() 'Chrome OS Wallpapers: Filling queue'
ERROR: 2020-05-13 09:50:29,676: download_one_from() 'Could not download wallpaper:'
Traceback (most recent call last):
  File "/usr/lib/python3/dist-packages/variety/VarietyWindow.py", line 1156, in download_one_from
    file = downloader.download_one()
  File "/usr/lib/python3/dist-packages/variety/plugins/downloaders/DefaultDownloader.py", line 141, in download_one
    items = self.fill_queue()
  File "/usr/lib/python3/dist-packages/variety/plugins/builtin/downloaders/ChromeOSWallpapersDownloader.py", line 54, in fill_queue
    manifest = Util.fetch_json(MANIFEST_URL)
  File "/usr/lib/python3/dist-packages/variety/Util.py", line 643, in fetch_json
    return Util.request(url, data, **request_kwargs).json()
  File "/usr/lib/python3/dist-packages/variety/Util.py", line 622, in request
    r.raise_for_status()
  File "/usr/lib/python3/dist-packages/requests/models.py", line 940, in raise_for_status
    raise HTTPError(http_error_msg, response=self)
requests.exceptions.HTTPError: 404 Client Error: Not Found for url: https://storage.googleapis.com/chromeos-wallpaper-public/manifest_en.json
INFO: 2020-05-13 09:50:30,680: get_throttling() 'NASA Astro Pic of the Day: parsing serverside options'
INFO: 2020-05-13 09:50:30,680: get_throttling() 'Could not parse NASA Astro Pic of the Day serverside options, using defaults None, None'
INFO: 2020-05-13 09:50:30,680: get_throttling() 'NASA Astro Pic of the Day: parsing serverside options'
INFO: 2020-05-13 09:50:30,680: get_throttling() 'Could not parse NASA Astro Pic of the Day serverside options, using defaults None, None'
INFO: 2020-05-13 09:50:30,681: download_one() 'NASA Astro Pic of the Day: Downloading an image, config: None'
INFO: 2020-05-13 09:50:30,681: download_one() 'NASA Astro Pic of the Day: Queue size: 722'
INFO: 2020-05-13 09:50:30,681: download_one() 'NASA Astro Pic of the Day: Queue populated with 722 URLs'
INFO: 2020-05-13 09:50:30,681: download_queue_item() 'APOD URL: http://apod.nasa.gov/apod/ap181007.html'
INFO: 2020-05-13 09:50:31,186: download_queue_item() 'No image url found for this APOD URL'
INFO: 2020-05-13 09:51:17,733: regular_change_thread() 'regular_change changes wallpaper'
INFO: 2020-05-13 09:51:17,734: set_wallpaper() 'Calling set_wallpaper with /home/live/.config/variety/Downloaded/Bing/OHR.ZebraMom_EN-US1905224456_1920x1080.jpg'
INFO: 2020-05-13 09:51:17,736: prepare_thread() 'Prepared buffer contains 21 images'
INFO: 2020-05-13 09:51:17,741: do_set_wp() 'Calling do_set_wp with /home/live/.config/variety/Downloaded/Bing/OHR.ZebraMom_EN-US1905224456_1920x1080.jpg, time: 1589385077.741812'
INFO: 2020-05-13 09:51:17,795: update_indicator() 'Setting file info to: /home/live/.config/variety/Downloaded/Bing/OHR.ZebraMom_EN-US1905224456_1920x1080.jpg'
INFO: 2020-05-13 09:51:17,796: list_files() 'More than 1 files in the folders, stop listing'
ERROR: 2020-05-13 09:51:18,117: set_desktop_wallpaper() 'Exception when calling set_wallpaper script: 127'
Traceback (most recent call last):
  File "/usr/lib/python3/dist-packages/variety/VarietyWindow.py", line 2664, in set_desktop_wallpaper
    subprocess.check_call(
  File "/usr/lib/python3.8/subprocess.py", line 364, in check_call
    raise CalledProcessError(retcode, cmd)
subprocess.CalledProcessError: Command '['timeout', '--kill-after=5', '10', '/home/live/.config/variety/scripts/set_wallpaper', '/usr/share/backgrounds/variety-copied-wallpaper-1f01f28574b13da740b2b212db76d67b.jpg', 'auto', '/home/live/.config/variety/Downloaded/Bing/OHR.ZebraMom_EN-US1905224456_1920x1080.jpg']' returned non-zero exit status 127.
INFO: 2020-05-13 09:51:19,738: trigger_download() 'Triggering download thread to check if download needed'
INFO: 2020-05-13 09:51:19,739: get_throttling() 'Bing: parsing serverside options'
INFO: 2020-05-13 09:51:19,739: get_throttling() 'Could not parse Bing serverside options, using defaults None, None'
INFO: 2020-05-13 09:51:19,739: get_throttling() 'Bing: parsing serverside options'
INFO: 2020-05-13 09:51:19,740: get_throttling() 'Could not parse Bing serverside options, using defaults None, None'
INFO: 2020-05-13 09:51:19,740: download_one() 'Bing: Downloading an image, config: None'
INFO: 2020-05-13 09:51:19,740: download_one() 'Bing: Queue size: 3'
INFO: 2020-05-13 09:51:19,740: download_one() 'Bing: Queue populated with 3 URLs'
INFO: 2020-05-13 09:51:19,741: save_locally() 'Origin URL: https://www.bing.com/search?q=fortress+of+sacsayhuaman&FORM=hpcapt&filters=HpDate%3a%2220200506_0700%22'
INFO: 2020-05-13 09:51:19,741: save_locally() 'Image URL: https://www.bing.com/th?id=OHR.SiegeofCusco_EN-US6660036620_1920x1080.jpg&rf=LaDigue_1920x1080.jpg&pid=hp'
INFO: 2020-05-13 09:51:19,741: save_locally() 'Local path: /home/live/.config/variety/Downloaded/Bing/OHR.SiegeofCusco_EN-US6660036620_1920x1080.jpg'
INFO: 2020-05-13 09:51:19,741: trigger_download() 'Triggering download thread to check if download needed'
INFO: 2020-05-13 09:51:19,742: save_locally() 'File already exists, skip downloading'
INFO: 2020-05-13 09:54:20,745: get_throttling() 'Chrome OS Wallpapers: parsing serverside options'
INFO: 2020-05-13 09:54:20,745: get_throttling() 'Could not parse Chrome OS Wallpapers serverside options, using defaults None, None'
INFO: 2020-05-13 09:54:20,745: get_throttling() 'Chrome OS Wallpapers: parsing serverside options'
INFO: 2020-05-13 09:54:20,745: get_throttling() 'Could not parse Chrome OS Wallpapers serverside options, using defaults None, None'
INFO: 2020-05-13 09:54:20,745: download_one() 'Chrome OS Wallpapers: Downloading an image, config: None'
INFO: 2020-05-13 09:54:20,745: download_one() 'Chrome OS Wallpapers: Queue size: 0'
INFO: 2020-05-13 09:54:20,745: get_throttling() 'Chrome OS Wallpapers: parsing serverside options'
INFO: 2020-05-13 09:54:20,745: get_throttling() 'Could not parse Chrome OS Wallpapers serverside options, using defaults None, None'
INFO: 2020-05-13 09:54:20,745: download_one() 'Chrome OS Wallpapers: Filling queue'
ERROR: 2020-05-13 09:54:20,914: download_one_from() 'Could not download wallpaper:'
Traceback (most recent call last):
  File "/usr/lib/python3/dist-packages/variety/VarietyWindow.py", line 1156, in download_one_from
    file = downloader.download_one()
  File "/usr/lib/python3/dist-packages/variety/plugins/downloaders/DefaultDownloader.py", line 141, in download_one
    items = self.fill_queue()
  File "/usr/lib/python3/dist-packages/variety/plugins/builtin/downloaders/ChromeOSWallpapersDownloader.py", line 54, in fill_queue
    manifest = Util.fetch_json(MANIFEST_URL)
  File "/usr/lib/python3/dist-packages/variety/Util.py", line 643, in fetch_json
    return Util.request(url, data, **request_kwargs).json()
  File "/usr/lib/python3/dist-packages/variety/Util.py", line 622, in request
    r.raise_for_status()
  File "/usr/lib/python3/dist-packages/requests/models.py", line 940, in raise_for_status
    raise HTTPError(http_error_msg, response=self)
requests.exceptions.HTTPError: 404 Client Error: Not Found for url: https://storage.googleapis.com/chromeos-wallpaper-public/manifest_en.json
INFO: 2020-05-13 09:54:21,921: get_throttling() 'Bing: parsing serverside options'
INFO: 2020-05-13 09:54:21,922: get_throttling() 'Could not parse Bing serverside options, using defaults None, None'
INFO: 2020-05-13 09:54:21,922: get_throttling() 'Bing: parsing serverside options'
INFO: 2020-05-13 09:54:21,922: get_throttling() 'Could not parse Bing serverside options, using defaults None, None'
INFO: 2020-05-13 09:54:21,922: download_one() 'Bing: Downloading an image, config: None'
INFO: 2020-05-13 09:54:21,922: download_one() 'Bing: Queue size: 2'
INFO: 2020-05-13 09:54:21,922: download_one() 'Bing: Queue populated with 2 URLs'
INFO: 2020-05-13 09:54:21,922: save_locally() 'Origin URL: https://www.bing.com/search?q=moose&form=hpcapt&filters=HpDate%3a%2220200513_0700%22'
INFO: 2020-05-13 09:54:21,922: save_locally() 'Image URL: https://www.bing.com/th?id=OHR.MooseWatching_EN-US2214823502_1920x1080.jpg&rf=LaDigue_1920x1080.jpg&pid=hp'
INFO: 2020-05-13 09:54:21,922: save_locally() 'Local path: /home/live/.config/variety/Downloaded/Bing/OHR.MooseWatching_EN-US2214823502_1920x1080.jpg'
INFO: 2020-05-13 09:54:21,922: save_locally() 'File already exists, skip downloading'
INFO: 2020-05-13 09:54:22,956: get_throttling() 'NASA Astro Pic of the Day: parsing serverside options'
INFO: 2020-05-13 09:54:22,957: get_throttling() 'Could not parse NASA Astro Pic of the Day serverside options, using defaults None, None'
INFO: 2020-05-13 09:54:22,957: get_throttling() 'NASA Astro Pic of the Day: parsing serverside options'
INFO: 2020-05-13 09:54:22,957: get_throttling() 'Could not parse NASA Astro Pic of the Day serverside options, using defaults None, None'
INFO: 2020-05-13 09:54:22,957: download_one() 'NASA Astro Pic of the Day: Downloading an image, config: None'
INFO: 2020-05-13 09:54:22,957: download_one() 'NASA Astro Pic of the Day: Queue size: 721'
INFO: 2020-05-13 09:54:22,957: download_one() 'NASA Astro Pic of the Day: Queue populated with 721 URLs'
INFO: 2020-05-13 09:54:22,957: download_queue_item() 'APOD URL: http://apod.nasa.gov/apod/ap181022.html'
INFO: 2020-05-13 09:54:23,436: download_queue_item() 'Image URL: http://apod.nasa.gov/apod/image/1810/surveyor3_ap12c_1488.jpg'
INFO: 2020-05-13 09:54:23,436: save_locally() 'Origin URL: http://apod.nasa.gov/apod/ap181022.html'
INFO: 2020-05-13 09:54:23,436: save_locally() 'Image URL: http://apod.nasa.gov/apod/image/1810/surveyor3_ap12c_1488.jpg'
INFO: 2020-05-13 09:54:23,436: save_locally() 'Local path: /home/live/.config/variety/Downloaded/nasa_apod/surveyor3_ap12c_1488.jpg'
INFO: 2020-05-13 09:54:26,226: save_locally() 'Download complete'
INFO: 2020-05-13 09:54:26,227: update_indicator() 'Setting file info to: /home/live/.config/variety/Downloaded/Bing/OHR.ZebraMom_EN-US1905224456_1920x1080.jpg'
INFO: 2020-05-13 09:54:26,240: list_files() 'More than 1 files in the folders, stop listing'
INFO: 2020-05-13 09:54:26,248: download_one_from() 'Adding downloaded file /home/live/.config/variety/Downloaded/nasa_apod/surveyor3_ap12c_1488.jpg to unseen_downloads'
INFO: 2020-05-13 09:54:27,250: get_throttling() 'NASA Astro Pic of the Day: parsing serverside options'
INFO: 2020-05-13 09:54:27,250: get_throttling() 'Could not parse NASA Astro Pic of the Day serverside options, using defaults None, None'
INFO: 2020-05-13 09:54:27,250: get_throttling() 'NASA Astro Pic of the Day: parsing serverside options'
INFO: 2020-05-13 09:54:27,250: get_throttling() 'Could not parse NASA Astro Pic of the Day serverside options, using defaults None, None'
INFO: 2020-05-13 09:54:27,250: download_one() 'NASA Astro Pic of the Day: Downloading an image, config: None'
INFO: 2020-05-13 09:54:27,250: download_one() 'NASA Astro Pic of the Day: Queue size: 720'
INFO: 2020-05-13 09:54:27,250: download_one() 'NASA Astro Pic of the Day: Queue populated with 720 URLs'
INFO: 2020-05-13 09:54:27,250: download_queue_item() 'APOD URL: http://apod.nasa.gov/apod/ap191014.html'
INFO: 2020-05-13 09:54:27,714: download_queue_item() 'Image URL: http://apod.nasa.gov/apod/image/1910/M31Before_Scherer_4298.jpg'
INFO: 2020-05-13 09:54:27,714: save_locally() 'Origin URL: http://apod.nasa.gov/apod/ap191014.html'
INFO: 2020-05-13 09:54:27,714: save_locally() 'Image URL: http://apod.nasa.gov/apod/image/1910/M31Before_Scherer_4298.jpg'
INFO: 2020-05-13 09:54:27,714: save_locally() 'Local path: /home/live/.config/variety/Downloaded/nasa_apod/M31Before_Scherer_4298.jpg'
INFO: 2020-05-13 09:54:38,860: save_locally() 'Download complete'
INFO: 2020-05-13 09:54:38,860: update_indicator() 'Setting file info to: /home/live/.config/variety/Downloaded/Bing/OHR.ZebraMom_EN-US1905224456_1920x1080.jpg'
INFO: 2020-05-13 09:54:38,861: list_files() 'More than 1 files in the folders, stop listing'
INFO: 2020-05-13 09:54:38,865: download_one_from() 'Adding downloaded file /home/live/.config/variety/Downloaded/nasa_apod/M31Before_Scherer_4298.jpg to unseen_downloads'
INFO: 2020-05-13 09:56:18,118: regular_change_thread() 'regular_change changes wallpaper'
INFO: 2020-05-13 09:56:18,120: set_wallpaper() 'Calling set_wallpaper with /home/live/.config/variety/Downloaded/Earth View/Şereflikoçhisar, Turkey (ID-1578).jpg'
INFO: 2020-05-13 09:56:18,120: prepare_thread() 'Prepared buffer contains 21 images'
INFO: 2020-05-13 09:56:18,123: do_set_wp() 'Calling do_set_wp with /home/live/.config/variety/Downloaded/Earth View/Şereflikoçhisar, Turkey (ID-1578).jpg, time: 1589385378.12307'
INFO: 2020-05-13 09:56:18,180: update_indicator() 'Setting file info to: /home/live/.config/variety/Downloaded/Earth View/Şereflikoçhisar, Turkey (ID-1578).jpg'
INFO: 2020-05-13 09:56:18,183: list_files() 'More than 1 files in the folders, stop listing'
ERROR: 2020-05-13 09:56:18,480: set_desktop_wallpaper() 'Exception when calling set_wallpaper script: 127'
Traceback (most recent call last):
  File "/usr/lib/python3/dist-packages/variety/VarietyWindow.py", line 2664, in set_desktop_wallpaper
    subprocess.check_call(
  File "/usr/lib/python3.8/subprocess.py", line 364, in check_call
    raise CalledProcessError(retcode, cmd)
subprocess.CalledProcessError: Command '['timeout', '--kill-after=5', '10', '/home/live/.config/variety/scripts/set_wallpaper', '/usr/share/backgrounds/variety-copied-wallpaper-6776be36474fdd60e6ab055795a7f4ac.jpg', 'auto', '/home/live/.config/variety/Downloaded/Earth View/Şereflikoçhisar, Turkey (ID-1578).jpg']' returned non-zero exit status 127.
INFO: 2020-05-13 09:56:20,123: trigger_download() 'Triggering download thread to check if download needed'
INFO: 2020-05-13 09:56:20,124: trigger_download() 'Triggering download thread to check if download needed'
INFO: 2020-05-13 09:56:20,125: get_throttling() 'Chrome OS Wallpapers: parsing serverside options'
INFO: 2020-05-13 09:56:20,125: get_throttling() 'Could not parse Chrome OS Wallpapers serverside options, using defaults None, None'
INFO: 2020-05-13 09:56:20,126: get_throttling() 'Chrome OS Wallpapers: parsing serverside options'
INFO: 2020-05-13 09:56:20,126: get_throttling() 'Could not parse Chrome OS Wallpapers serverside options, using defaults None, None'
INFO: 2020-05-13 09:56:20,126: download_one() 'Chrome OS Wallpapers: Downloading an image, config: None'
INFO: 2020-05-13 09:56:20,126: download_one() 'Chrome OS Wallpapers: Queue size: 0'
INFO: 2020-05-13 09:56:20,126: get_throttling() 'Chrome OS Wallpapers: parsing serverside options'
INFO: 2020-05-13 09:56:20,127: get_throttling() 'Could not parse Chrome OS Wallpapers serverside options, using defaults None, None'
INFO: 2020-05-13 09:56:20,127: download_one() 'Chrome OS Wallpapers: Filling queue'
ERROR: 2020-05-13 09:56:20,313: download_one_from() 'Could not download wallpaper:'
Traceback (most recent call last):
  File "/usr/lib/python3/dist-packages/variety/VarietyWindow.py", line 1156, in download_one_from
    file = downloader.download_one()
  File "/usr/lib/python3/dist-packages/variety/plugins/downloaders/DefaultDownloader.py", line 141, in download_one
    items = self.fill_queue()
  File "/usr/lib/python3/dist-packages/variety/plugins/builtin/downloaders/ChromeOSWallpapersDownloader.py", line 54, in fill_queue
    manifest = Util.fetch_json(MANIFEST_URL)
  File "/usr/lib/python3/dist-packages/variety/Util.py", line 643, in fetch_json
    return Util.request(url, data, **request_kwargs).json()
  File "/usr/lib/python3/dist-packages/variety/Util.py", line 622, in request
    r.raise_for_status()
  File "/usr/lib/python3/dist-packages/requests/models.py", line 940, in raise_for_status
    raise HTTPError(http_error_msg, response=self)
requests.exceptions.HTTPError: 404 Client Error: Not Found for url: https://storage.googleapis.com/chromeos-wallpaper-public/manifest_en.json
INFO: 2020-05-13 09:56:21,318: get_throttling() 'Bing: parsing serverside options'
INFO: 2020-05-13 09:56:21,319: get_throttling() 'Could not parse Bing serverside options, using defaults None, None'
INFO: 2020-05-13 09:56:21,319: get_throttling() 'Bing: parsing serverside options'
INFO: 2020-05-13 09:56:21,319: get_throttling() 'Could not parse Bing serverside options, using defaults None, None'
INFO: 2020-05-13 09:56:21,319: download_one() 'Bing: Downloading an image, config: None'
INFO: 2020-05-13 09:56:21,320: download_one() 'Bing: Queue size: 1'
INFO: 2020-05-13 09:56:21,320: download_one() 'Bing: Queue populated with 1 URLs'
INFO: 2020-05-13 09:56:21,322: save_locally() 'Origin URL: https://www.bing.com/search?q=international+nurses+day&form=hpcapt&filters=HpDate%3a%2220200512_0700%22'
INFO: 2020-05-13 09:56:21,322: save_locally() 'Image URL: https://www.bing.com/th?id=OHR.FlorenceNightingale_EN-US2120799578_1920x1080.jpg&rf=LaDigue_1920x1080.jpg&pid=hp'
INFO: 2020-05-13 09:56:21,322: save_locally() 'Local path: /home/live/.config/variety/Downloaded/Bing/OHR.FlorenceNightingale_EN-US2120799578_1920x1080.jpg'
INFO: 2020-05-13 09:56:21,323: save_locally() 'File already exists, skip downloading'
INFO: 2020-05-13 09:56:22,324: get_throttling() 'Earth View: parsing serverside options'
INFO: 2020-05-13 09:56:22,325: get_throttling() 'Could not parse Earth View serverside options, using defaults 20, None'
INFO: 2020-05-13 09:56:22,325: get_throttling() 'Earth View: parsing serverside options'
INFO: 2020-05-13 09:56:22,325: get_throttling() 'Could not parse Earth View serverside options, using defaults 20, None'
INFO: 2020-05-13 09:56:22,325: download_one() 'Earth View: Downloading an image, config: None'
INFO: 2020-05-13 09:56:22,325: download_one() 'Earth View: Queue size: 1503'
INFO: 2020-05-13 09:56:22,325: download_one() 'Earth View: Queue populated with 1503 URLs'
INFO: 2020-05-13 09:56:22,326: save_locally() 'Origin URL: https://earthview.withgoogle.com/1170'
INFO: 2020-05-13 09:56:22,326: save_locally() 'Image URL: https://www.gstatic.com/prettyearth/assets/full/1170.jpg'
INFO: 2020-05-13 09:56:22,326: save_locally() 'Local path: /home/live/.config/variety/Downloaded/Earth View/Los Angeles County, United States (ID-1170).jpg'
INFO: 2020-05-13 09:56:22,462: save_locally() 'Download complete'
INFO: 2020-05-13 09:56:22,463: update_indicator() 'Setting file info to: /home/live/.config/variety/Downloaded/Earth View/Şereflikoçhisar, Turkey (ID-1578).jpg'
INFO: 2020-05-13 09:56:22,465: list_files() 'More than 1 files in the folders, stop listing'
INFO: 2020-05-13 09:56:22,473: download_one_from() 'Adding downloaded file /home/live/.config/variety/Downloaded/Earth View/Los Angeles County, United States (ID-1170).jpg to unseen_downloads'
